<?xml version="1.0" encoding="UTF-8"?>
<!-- Generated by org.testng.reporters.JUnitXMLReporter -->
<testsuite ignored="0" hostname="CTNL1614" failures="0" tests="3" name="IFrame_Test" time="20.869" errors="0" timestamp="2023-08-10T11:42:30 IST">
  <testcase classname="TestScript.iFrameTest" name="iFrame" time="11.443"/>
  <testcase classname="TestScript.TestGoogle" name="JavaScriptTest" time="9.342"/>
  <testcase classname="TestScript.TestGoogle" name="Test12" time="0.004"/>
</testsuite> <!-- IFrame_Test -->
