<?xml version="1.0" encoding="UTF-8"?>
<!-- Generated by org.testng.reporters.JUnitXMLReporter -->
<testsuite ignored="0" hostname="CTNL1940" failures="0" tests="3" name="IFrame_Test" time="20.977" errors="0" timestamp="2024-01-22T18:06:04 IST">
  <testcase classname="TestScript.iFrameTest" name="iFrame" time="9.695"/>
  <testcase classname="TestScript.TestGoogle" name="JavaScriptTest" time="11.236"/>
  <testcase classname="TestScript.TestGoogle" name="Test12" time="0.001"/>
</testsuite> <!-- IFrame_Test -->
